<?xml version="1.0" encoding="UTF-8"?>
<!-- Generated by org.testng.reporters.JUnitReportReporter -->
<testsuite hostname="Vijayanand" failures="0" tests="2" name="com.sd.tests.TestAnnotationsOrder" time="0.015" errors="0" timestamp="21 Jul 2021 04:16:57 GMT" skipped="0">
  <testcase classname="com.sd.tests.TestAnnotationsOrder" name="testMethod2" time="0.006"/>
  <testcase classname="com.sd.tests.TestAnnotationsOrder" name="testMethod1" time="0.009"/>
</testsuite> <!-- com.sd.tests.TestAnnotationsOrder -->
